[debug] [2017-12-04T18:03:50.686Z] ----------------------------------------------------------------------
[debug] [2017-12-04T18:03:50.689Z] Command:       /usr/local/bin/node /usr/local/bin/firebase serve
[debug] [2017-12-04T18:03:50.689Z] CLI Version:   3.15.2
[debug] [2017-12-04T18:03:50.689Z] Platform:      darwin
[debug] [2017-12-04T18:03:50.689Z] Node Version:  v6.11.2
[debug] [2017-12-04T18:03:50.690Z] Time:          Mon Dec 04 2017 19:03:50 GMT+0100 (CET)
[debug] [2017-12-04T18:03:50.690Z] ----------------------------------------------------------------------
[debug] 
[debug] [2017-12-04T18:03:50.708Z] > command requires scopes: ["email","openid","https://www.googleapis.com/auth/cloudplatformprojects.readonly","https://www.googleapis.com/auth/firebase","https://www.googleapis.com/auth/cloud-platform"]
[debug] [2017-12-04T18:03:50.708Z] > authorizing via signed-in user
[debug] [2017-12-04T18:03:50.711Z] >>> HTTP REQUEST GET https://admin.firebase.com/v1/projects/sterderzeecomic  
 Mon Dec 04 2017 19:03:50 GMT+0100 (CET)
[debug] [2017-12-04T18:03:51.594Z] <<< HTTP RESPONSE 200
[debug] [2017-12-04T18:03:51.596Z] >>> HTTP REQUEST GET https://admin.firebase.com/v1/database/sterderzeecomic/tokens  
 Mon Dec 04 2017 19:03:51 GMT+0100 (CET)
[debug] [2017-12-04T18:03:52.602Z] <<< HTTP RESPONSE 200
[info] 
[info] === Serving from '/Users/tmacair/Documents/SterDerZee'...
[info] 
[debug] [2017-12-04T18:03:52.609Z] >>> HTTP REQUEST GET https://cloudresourcemanager.googleapis.com/v1/projects/sterderzeecomic  
 Mon Dec 04 2017 19:03:52 GMT+0100 (CET)
[debug] [2017-12-04T18:03:53.445Z] <<< HTTP RESPONSE 200
[debug] [2017-12-04T18:03:53.446Z] >>> HTTP REQUEST GET https://mobilesdk-pa.googleapis.com/v1/projects/1048841968477/clients/_:getWebAppConfig  
 Mon Dec 04 2017 19:03:53 GMT+0100 (CET)
[debug] [2017-12-04T18:03:54.020Z] <<< HTTP RESPONSE 200
[info] i  hosting: Serving hosting files from: public
[info] ✔  hosting: Local server: http://localhost:5000

